<?xml version="1.0" encoding="UTF-8"?>
<!-- Generated by org.testng.reporters.JUnitReportReporter -->
<testsuite hostname="Asus" failures="0" tests="1" name="LogoutTest" time="2.456" errors="0" timestamp="2025-02-02T16:17:39 NPT" skipped="0">
  <testcase classname="LogoutTest" name="VerifySecondLogout" time="2.456">
    <system-out>
      <![CDATA[The user TestName LastNamesuccessfully logged out]]>
    </system-out>
  </testcase> <!-- VerifySecondLogout -->
  <system-out>
    <![CDATA[Browser Opened with provided URL:https://magento.softwaretestingboard.com/
Registration Successfull with accountecomregister171@gmail.comand full name:TestName LastName
Web Browser is closed
Browser Opened with provided URL:https://magento.softwaretestingboard.com/
Login Successfull with emailecomregister78@gmail.com
The user TestName LastNamesuccessfully logged out
Web Browser is closed]]>
  </system-out>
</testsuite> <!-- LogoutTest -->
