<?xml version="1.0" encoding="UTF-8"?>
<!-- Generated by org.testng.reporters.JUnitReportReporter -->
<testsuite hostname="Asus" failures="0" tests="1" name="RegisterTest" time="8.113" errors="0" timestamp="2025-02-02T16:17:39 NPT" skipped="0">
  <testcase classname="RegisterTest" name="VerifyRegisterTest" time="8.113">
    <system-out>
      <![CDATA[Registration Successfull with accountecomregister171@gmail.comand full name:TestName LastName]]>
    </system-out>
  </testcase> <!-- VerifyRegisterTest -->
  <system-out>
    <![CDATA[Browser Opened with provided URL:https://magento.softwaretestingboard.com/
Registration Successfull with accountecomregister171@gmail.comand full name:TestName LastName
Web Browser is closed
Browser Opened with provided URL:https://magento.softwaretestingboard.com/
Login Successfull with emailecomregister78@gmail.com
The user TestName LastNamesuccessfully logged out
Web Browser is closed]]>
  </system-out>
</testsuite> <!-- RegisterTest -->
