<?xml version="1.0" encoding="UTF-8"?>
<!-- Generated by org.testng.reporters.JUnitReportReporter -->
<testsuite hostname="Asus" failures="0" tests="1" name="LoginTest" time="7.371" errors="0" timestamp="2025-02-02T13:17:57 NPT" skipped="0">
  <testcase classname="LoginTest" name="VerifyLoginTest" time="7.371">
    <system-out>
      <![CDATA[Login Successfull with emailecomregister78@gmail.com]]>
    </system-out>
  </testcase> <!-- VerifyLoginTest -->
  <system-out>
    <![CDATA[Browser Opened with provided URL:https://magento.softwaretestingboard.com/
Login Successfull with emailecomregister78@gmail.com
The user null successfully logged out
Web Browser is closed]]>
  </system-out>
</testsuite> <!-- LoginTest -->
